<?xml version="1.0" encoding="UTF-8"?>
<beans xmlns:xsi="http://www.w3.org/2001/XMLSchema-instance"
       xmlns="http://www.springframework.org/schema/beans"
       xsi:schemaLocation="http://www.springframework.org/schema/beans
       http://www.springframework.org/schema/beans/spring-beans.xsd">

    <import resource="classpath*:test-spring-db.xml"/>

    <bean class="org.springframework.beans.factory.config.PropertyPlaceholderConfigurer">
        <property name="locations">
            <list>
                <value>classpath:sql-queries.properties</value>
                <value>classpath:test-database.properties</value>
            </list>
        </property>
    </bean>

    <bean id="userDao" class="com.exchange.dao.jdbc.UserDaoImpl">
        <constructor-arg ref="dataSource"/>
    </bean>

    <bean id="fileDao" class="com.exchange.dao.jdbc.FileDaoImpl">
        <constructor-arg ref="dataSource"/>
    </bean>

    <bean id="categoryDao" class="com.exchange.dao.jdbc.CategoryDaoImpl">
        <constructor-arg ref="dataSource"/>
    </bean>

    <bean id="categoryRowMapper" class="com.exchange.dao.jdbc.mapper.CategoryRowMapper"/>
    <bean id="userRowMapper" class="com.exchange.dao.jdbc.mapper.UserRowMapper"/>
    <bean id="fileRowMapper" class="com.exchange.dao.jdbc.mapper.FileRowMapper"/>

</beans>