<?xml version="1.0" encoding="UTF-8"?>
<beans xmlns:xsi="http://www.w3.org/2001/XMLSchema-instance"
       xmlns:jdbc="http://www.springframework.org/schema/jdbc"
       xmlns="http://www.springframework.org/schema/beans" xmlns:mvc="http://www.springframework.org/schema/mvc"
       xmlns:context="http://www.springframework.org/schema/context"
       xsi:schemaLocation="http://www.springframework.org/schema/beans
       http://www.springframework.org/schema/beans/spring-beans.xsd
       http://www.springframework.org/schema/jdbc
       http://www.springframework.org/schema/jdbc/spring-jdbc.xsd http://www.springframework.org/schema/mvc http://www.springframework.org/schema/mvc/spring-mvc.xsd http://www.springframework.org/schema/context http://www.springframework.org/schema/context/spring-context.xsd">

    <context:component-scan base-package="com.exchange"/>

    <mvc:annotation-driven/>

    <bean id="dataSource" class="org.springframework.jdbc.datasource.DriverManagerDataSource">
        <property name="driverClassName" value="${jdbc.driverClassName}"/>
        <property name="url" value="${jdbc.url}"/>
        <property name="username" value="${jdbc.username}"/>
        <property name="password" value="${jdbc.password}"/>
    </bean>

    <jdbc:initialize-database data-source="dataSource">
        <jdbc:script location="test-create-tables.sql"/>
        <jdbc:script location="test-data-script.sql"/>
    </jdbc:initialize-database>

    <bean id="transactionManager" class="org.springframework.jdbc.datasource.DataSourceTransactionManager">
        <property name="dataSource" ref="dataSource"/>
    </bean>

    <!--<bean id="userDao" class="com.exchange.dao.jdbc.UserDaoImpl">-->
        <!--<constructor-arg ref="dataSource"/>-->
    <!--</bean>-->

    <!--<bean id="fileDao" class="com.exchange.dao.jdbc.FileDaoImpl">-->
        <!--<constructor-arg ref="dataSource"/>-->
    <!--</bean>-->

    <!--<bean id="categoryDao" class="com.exchange.dao.jdbc.CategoryDaoImpl">-->
        <!--<constructor-arg ref="dataSource"/>-->
    <!--</bean>-->

    <bean class="org.springframework.web.servlet.mvc.method.annotation.RequestMappingHandlerAdapter">
        <property name="messageConverters">
            <list>
                <ref bean="jsonConverter"/>
            </list>
        </property>
    </bean>

    <bean id="jsonConverter" class="org.springframework.http.converter.json.MappingJackson2HttpMessageConverter">
        <property name="supportedMediaTypes" value="application/json" />
        <property name="prettyPrint" value="true" />
    </bean>

</beans>